2025-09-08 22:43:29,310 - httpx - INFO - HTTP Request: POST https://api.telegram.org/bot8020772644:AAEF9j8c_iryT931PcQ-E422GegVxD8e2Ak/setMyCommands "HTTP/1.1 200 OK"
2025-09-08 22:43:29,311 - __main__ - INFO - 🚀 Rahu Escrow Bot starting...
2025-09-08 22:43:29,425 - httpx - INFO - HTTP Request: POST https://api.telegram.org/bot8020772644:AAEF9j8c_iryT931PcQ-E422GegVxD8e2Ak/getMe "HTTP/1.1 200 OK"
2025-09-08 22:43:29,426 - telegram.ext.Application - INFO - Application started
2025-09-08 22:43:29,541 - httpx - INFO - HTTP Request: POST https://api.telegram.org/bot8020772644:AAEF9j8c_iryT931PcQ-E422GegVxD8e2Ak/deleteWebhook "HTTP/1.1 200 OK"
2025-09-08 22:43:39,888 - httpx - INFO - HTTP Request: POST https://api.telegram.org/bot8020772644:AAEF9j8c_iryT931PcQ-E422GegVxD8e2Ak/getUpdates "HTTP/1.1 200 OK"
2025-09-08 22:43:50,006 - httpx - INFO - HTTP Request: POST https://api.telegram.org/bot8020772644:AAEF9j8c_iryT931PcQ-E422GegVxD8e2Ak/getUpdates "HTTP/1.1 200 OK"
2025-09-08 22:44:00,123 - httpx - INFO - HTTP Request: POST https://api.telegram.org/bot8020772644:AAEF9j8c_iryT931PcQ-E422GegVxD8e2Ak/getUpdates "HTTP/1.1 200 OK"
2025-09-08 22:44:10,241 - httpx - INFO - HTTP Request: POST https://api.telegram.org/bot8020772644:AAEF9j8c_iryT931PcQ-E422GegVxD8e2Ak/getUpdates "HTTP/1.1 200 OK"
2025-09-08 22:44:20,356 - httpx - INFO - HTTP Request: POST https://api.telegram.org/bot8020772644:AAEF9j8c_iryT931PcQ-E422GegVxD8e2Ak/getUpdates "HTTP/1.1 200 OK"
2025-09-08 22:44:30,474 - httpx - INFO - HTTP Request: POST https://api.telegram.org/bot8020772644:AAEF9j8c_iryT931PcQ-E422GegVxD8e2Ak/getUpdates "HTTP/1.1 200 OK"
2025-09-08 22:44:40,593 - httpx - INFO - HTTP Request: POST https://api.telegram.org/bot8020772644:AAEF9j8c_iryT931PcQ-E422GegVxD8e2Ak/getUpdates "HTTP/1.1 200 OK"
2025-09-08 22:44:50,720 - httpx - INFO - HTTP Request: POST https://api.telegram.org/bot8020772644:AAEF9j8c_iryT931PcQ-E422GegVxD8e2Ak/getUpdates "HTTP/1.1 200 OK"
2025-09-08 22:45:00,865 - httpx - INFO - HTTP Request: POST https://api.telegram.org/bot8020772644:AAEF9j8c_iryT931PcQ-E422GegVxD8e2Ak/getUpdates "HTTP/1.1 200 OK"
2025-09-08 22:45:10,982 - httpx - INFO - HTTP Request: POST https://api.telegram.org/bot8020772644:AAEF9j8c_iryT931PcQ-E422GegVxD8e2Ak/getUpdates "HTTP/1.1 200 OK"
2025-09-08 22:45:21,102 - httpx - INFO - HTTP Request: POST https://api.telegram.org/bot8020772644:AAEF9j8c_iryT931PcQ-E422GegVxD8e2Ak/getUpdates "HTTP/1.1 200 OK"
2025-09-08 22:45:31,264 - httpx - INFO - HTTP Request: POST https://api.telegram.org/bot8020772644:AAEF9j8c_iryT931PcQ-E422GegVxD8e2Ak/getUpdates "HTTP/1.1 200 OK"
2025-09-08 22:45:41,380 - httpx - INFO - HTTP Request: POST https://api.telegram.org/bot8020772644:AAEF9j8c_iryT931PcQ-E422GegVxD8e2Ak/getUpdates "HTTP/1.1 200 OK"
2025-09-08 22:45:51,501 - httpx - INFO - HTTP Request: POST https://api.telegram.org/bot8020772644:AAEF9j8c_iryT931PcQ-E422GegVxD8e2Ak/getUpdates "HTTP/1.1 200 OK"
2025-09-08 22:46:01,620 - httpx - INFO - HTTP Request: POST https://api.telegram.org/bot8020772644:AAEF9j8c_iryT931PcQ-E422GegVxD8e2Ak/getUpdates "HTTP/1.1 200 OK"
2025-09-08 22:46:11,775 - httpx - INFO - HTTP Request: POST https://api.telegram.org/bot8020772644:AAEF9j8c_iryT931PcQ-E422GegVxD8e2Ak/getUpdates "HTTP/1.1 200 OK"
2025-09-08 22:46:21,893 - httpx - INFO - HTTP Request: POST https://api.telegram.org/bot8020772644:AAEF9j8c_iryT931PcQ-E422GegVxD8e2Ak/getUpdates "HTTP/1.1 200 OK"
2025-09-08 22:46:32,008 - httpx - INFO - HTTP Request: POST https://api.telegram.org/bot8020772644:AAEF9j8c_iryT931PcQ-E422GegVxD8e2Ak/getUpdates "HTTP/1.1 200 OK"
2025-09-08 22:46:42,132 - httpx - INFO - HTTP Request: POST https://api.telegram.org/bot8020772644:AAEF9j8c_iryT931PcQ-E422GegVxD8e2Ak/getUpdates "HTTP/1.1 200 OK"
2025-09-08 22:46:52,249 - httpx - INFO - HTTP Request: POST https://api.telegram.org/bot8020772644:AAEF9j8c_iryT931PcQ-E422GegVxD8e2Ak/getUpdates "HTTP/1.1 200 OK"
2025-09-08 22:47:02,365 - httpx - INFO - HTTP Request: POST https://api.telegram.org/bot8020772644:AAEF9j8c_iryT931PcQ-E422GegVxD8e2Ak/getUpdates "HTTP/1.1 200 OK"
2025-09-08 22:47:12,484 - httpx - INFO - HTTP Request: POST https://api.telegram.org/bot8020772644:AAEF9j8c_iryT931PcQ-E422GegVxD8e2Ak/getUpdates "HTTP/1.1 200 OK"
2025-09-08 22:47:22,601 - httpx - INFO - HTTP Request: POST https://api.telegram.org/bot8020772644:AAEF9j8c_iryT931PcQ-E422GegVxD8e2Ak/getUpdates "HTTP/1.1 200 OK"
2025-09-08 22:47:32,717 - httpx - INFO - HTTP Request: POST https://api.telegram.org/bot8020772644:AAEF9j8c_iryT931PcQ-E422GegVxD8e2Ak/getUpdates "HTTP/1.1 200 OK"
2025-09-08 22:47:42,834 - httpx - INFO - HTTP Request: POST https://api.telegram.org/bot8020772644:AAEF9j8c_iryT931PcQ-E422GegVxD8e2Ak/getUpdates "HTTP/1.1 200 OK"
2025-09-08 22:47:52,952 - httpx - INFO - HTTP Request: POST https://api.telegram.org/bot8020772644:AAEF9j8c_iryT931PcQ-E422GegVxD8e2Ak/getUpdates "HTTP/1.1 200 OK"
2025-09-08 22:48:03,068 - httpx - INFO - HTTP Request: POST https://api.telegram.org/bot8020772644:AAEF9j8c_iryT931PcQ-E422GegVxD8e2Ak/getUpdates "HTTP/1.1 200 OK"
2025-09-08 22:48:13,184 - httpx - INFO - HTTP Request: POST https://api.telegram.org/bot8020772644:AAEF9j8c_iryT931PcQ-E422GegVxD8e2Ak/getUpdates "HTTP/1.1 200 OK"
2025-09-08 22:48:23,300 - httpx - INFO - HTTP Request: POST https://api.telegram.org/bot8020772644:AAEF9j8c_iryT931PcQ-E422GegVxD8e2Ak/getUpdates "HTTP/1.1 200 OK"
2025-09-08 22:48:33,416 - httpx - INFO - HTTP Request: POST https://api.telegram.org/bot8020772644:AAEF9j8c_iryT931PcQ-E422GegVxD8e2Ak/getUpdates "HTTP/1.1 200 OK"
2025-09-08 22:48:43,535 - httpx - INFO - HTTP Request: POST https://api.telegram.org/bot8020772644:AAEF9j8c_iryT931PcQ-E422GegVxD8e2Ak/getUpdates "HTTP/1.1 200 OK"
2025-09-08 22:48:53,650 - httpx - INFO - HTTP Request: POST https://api.telegram.org/bot8020772644:AAEF9j8c_iryT931PcQ-E422GegVxD8e2Ak/getUpdates "HTTP/1.1 200 OK"
2025-09-08 22:49:03,765 - httpx - INFO - HTTP Request: POST https://api.telegram.org/bot8020772644:AAEF9j8c_iryT931PcQ-E422GegVxD8e2Ak/getUpdates "HTTP/1.1 200 OK"
2025-09-08 22:49:13,882 - httpx - INFO - HTTP Request: POST https://api.telegram.org/bot8020772644:AAEF9j8c_iryT931PcQ-E422GegVxD8e2Ak/getUpdates "HTTP/1.1 200 OK"
2025-09-08 22:49:24,002 - httpx - INFO - HTTP Request: POST https://api.telegram.org/bot8020772644:AAEF9j8c_iryT931PcQ-E422GegVxD8e2Ak/getUpdates "HTTP/1.1 200 OK"
2025-09-08 22:49:34,117 - httpx - INFO - HTTP Request: POST https://api.telegram.org/bot8020772644:AAEF9j8c_iryT931PcQ-E422GegVxD8e2Ak/getUpdates "HTTP/1.1 200 OK"
2025-09-08 22:49:44,233 - httpx - INFO - HTTP Request: POST https://api.telegram.org/bot8020772644:AAEF9j8c_iryT931PcQ-E422GegVxD8e2Ak/getUpdates "HTTP/1.1 200 OK"
2025-09-08 22:49:54,360 - httpx - INFO - HTTP Request: POST https://api.telegram.org/bot8020772644:AAEF9j8c_iryT931PcQ-E422GegVxD8e2Ak/getUpdates "HTTP/1.1 200 OK"
2025-09-08 22:50:04,477 - httpx - INFO - HTTP Request: POST https://api.telegram.org/bot8020772644:AAEF9j8c_iryT931PcQ-E422GegVxD8e2Ak/getUpdates "HTTP/1.1 200 OK"
2025-09-08 22:50:14,593 - httpx - INFO - HTTP Request: POST https://api.telegram.org/bot8020772644:AAEF9j8c_iryT931PcQ-E422GegVxD8e2Ak/getUpdates "HTTP/1.1 200 OK"
2025-09-08 22:50:24,709 - httpx - INFO - HTTP Request: POST https://api.telegram.org/bot8020772644:AAEF9j8c_iryT931PcQ-E422GegVxD8e2Ak/getUpdates "HTTP/1.1 200 OK"
2025-09-08 22:50:34,828 - httpx - INFO - HTTP Request: POST https://api.telegram.org/bot8020772644:AAEF9j8c_iryT931PcQ-E422GegVxD8e2Ak/getUpdates "HTTP/1.1 200 OK"
2025-09-08 22:50:44,945 - httpx - INFO - HTTP Request: POST https://api.telegram.org/bot8020772644:AAEF9j8c_iryT931PcQ-E422GegVxD8e2Ak/getUpdates "HTTP/1.1 200 OK"
2025-09-08 22:50:55,063 - httpx - INFO - HTTP Request: POST https://api.telegram.org/bot8020772644:AAEF9j8c_iryT931PcQ-E422GegVxD8e2Ak/getUpdates "HTTP/1.1 200 OK"
2025-09-08 22:51:05,178 - httpx - INFO - HTTP Request: POST https://api.telegram.org/bot8020772644:AAEF9j8c_iryT931PcQ-E422GegVxD8e2Ak/getUpdates "HTTP/1.1 200 OK"
2025-09-08 22:51:15,293 - httpx - INFO - HTTP Request: POST https://api.telegram.org/bot8020772644:AAEF9j8c_iryT931PcQ-E422GegVxD8e2Ak/getUpdates "HTTP/1.1 200 OK"
2025-09-08 22:51:25,410 - httpx - INFO - HTTP Request: POST https://api.telegram.org/bot8020772644:AAEF9j8c_iryT931PcQ-E422GegVxD8e2Ak/getUpdates "HTTP/1.1 200 OK"
2025-09-08 22:51:35,526 - httpx - INFO - HTTP Request: POST https://api.telegram.org/bot8020772644:AAEF9j8c_iryT931PcQ-E422GegVxD8e2Ak/getUpdates "HTTP/1.1 200 OK"
2025-09-08 22:51:45,641 - httpx - INFO - HTTP Request: POST https://api.telegram.org/bot8020772644:AAEF9j8c_iryT931PcQ-E422GegVxD8e2Ak/getUpdates "HTTP/1.1 200 OK"
2025-09-08 22:51:55,757 - httpx - INFO - HTTP Request: POST https://api.telegram.org/bot8020772644:AAEF9j8c_iryT931PcQ-E422GegVxD8e2Ak/getUpdates "HTTP/1.1 200 OK"
2025-09-08 22:52:05,872 - httpx - INFO - HTTP Request: POST https://api.telegram.org/bot8020772644:AAEF9j8c_iryT931PcQ-E422GegVxD8e2Ak/getUpdates "HTTP/1.1 200 OK"
2025-09-08 22:52:15,990 - httpx - INFO - HTTP Request: POST https://api.telegram.org/bot8020772644:AAEF9j8c_iryT931PcQ-E422GegVxD8e2Ak/getUpdates "HTTP/1.1 200 OK"
2025-09-08 22:52:26,104 - httpx - INFO - HTTP Request: POST https://api.telegram.org/bot8020772644:AAEF9j8c_iryT931PcQ-E422GegVxD8e2Ak/getUpdates "HTTP/1.1 200 OK"
2025-09-08 22:52:36,220 - httpx - INFO - HTTP Request: POST https://api.telegram.org/bot8020772644:AAEF9j8c_iryT931PcQ-E422GegVxD8e2Ak/getUpdates "HTTP/1.1 200 OK"
2025-09-08 22:52:46,337 - httpx - INFO - HTTP Request: POST https://api.telegram.org/bot8020772644:AAEF9j8c_iryT931PcQ-E422GegVxD8e2Ak/getUpdates "HTTP/1.1 200 OK"
2025-09-08 22:52:56,454 - httpx - INFO - HTTP Request: POST https://api.telegram.org/bot8020772644:AAEF9j8c_iryT931PcQ-E422GegVxD8e2Ak/getUpdates "HTTP/1.1 200 OK"
2025-09-08 22:53:06,571 - httpx - INFO - HTTP Request: POST https://api.telegram.org/bot8020772644:AAEF9j8c_iryT931PcQ-E422GegVxD8e2Ak/getUpdates "HTTP/1.1 200 OK"
2025-09-08 22:53:16,688 - httpx - INFO - HTTP Request: POST https://api.telegram.org/bot8020772644:AAEF9j8c_iryT931PcQ-E422GegVxD8e2Ak/getUpdates "HTTP/1.1 200 OK"
2025-09-08 22:53:26,806 - httpx - INFO - HTTP Request: POST https://api.telegram.org/bot8020772644:AAEF9j8c_iryT931PcQ-E422GegVxD8e2Ak/getUpdates "HTTP/1.1 200 OK"
2025-09-08 22:53:36,921 - httpx - INFO - HTTP Request: POST https://api.telegram.org/bot8020772644:AAEF9j8c_iryT931PcQ-E422GegVxD8e2Ak/getUpdates "HTTP/1.1 200 OK"
2025-09-08 22:53:47,040 - httpx - INFO - HTTP Request: POST https://api.telegram.org/bot8020772644:AAEF9j8c_iryT931PcQ-E422GegVxD8e2Ak/getUpdates "HTTP/1.1 200 OK"
2025-09-08 22:53:57,155 - httpx - INFO - HTTP Request: POST https://api.telegram.org/bot8020772644:AAEF9j8c_iryT931PcQ-E422GegVxD8e2Ak/getUpdates "HTTP/1.1 200 OK"
2025-09-08 22:54:07,270 - httpx - INFO - HTTP Request: POST https://api.telegram.org/bot8020772644:AAEF9j8c_iryT931PcQ-E422GegVxD8e2Ak/getUpdates "HTTP/1.1 200 OK"
2025-09-08 22:54:17,390 - httpx - INFO - HTTP Request: POST https://api.telegram.org/bot8020772644:AAEF9j8c_iryT931PcQ-E422GegVxD8e2Ak/getUpdates "HTTP/1.1 200 OK"
2025-09-08 22:54:27,510 - httpx - INFO - HTTP Request: POST https://api.telegram.org/bot8020772644:AAEF9j8c_iryT931PcQ-E422GegVxD8e2Ak/getUpdates "HTTP/1.1 200 OK"
2025-09-08 22:54:37,626 - httpx - INFO - HTTP Request: POST https://api.telegram.org/bot8020772644:AAEF9j8c_iryT931PcQ-E422GegVxD8e2Ak/getUpdates "HTTP/1.1 200 OK"
2025-09-08 22:54:47,741 - httpx - INFO - HTTP Request: POST https://api.telegram.org/bot8020772644:AAEF9j8c_iryT931PcQ-E422GegVxD8e2Ak/getUpdates "HTTP/1.1 200 OK"
2025-09-08 22:54:57,857 - httpx - INFO - HTTP Request: POST https://api.telegram.org/bot8020772644:AAEF9j8c_iryT931PcQ-E422GegVxD8e2Ak/getUpdates "HTTP/1.1 200 OK"
2025-09-08 22:55:07,972 - httpx - INFO - HTTP Request: POST https://api.telegram.org/bot8020772644:AAEF9j8c_iryT931PcQ-E422GegVxD8e2Ak/getUpdates "HTTP/1.1 200 OK"
2025-09-08 22:55:18,087 - httpx - INFO - HTTP Request: POST https://api.telegram.org/bot8020772644:AAEF9j8c_iryT931PcQ-E422GegVxD8e2Ak/getUpdates "HTTP/1.1 200 OK"
2025-09-08 22:55:28,214 - httpx - INFO - HTTP Request: POST https://api.telegram.org/bot8020772644:AAEF9j8c_iryT931PcQ-E422GegVxD8e2Ak/getUpdates "HTTP/1.1 200 OK"
2025-09-08 22:55:38,384 - httpx - INFO - HTTP Request: POST https://api.telegram.org/bot8020772644:AAEF9j8c_iryT931PcQ-E422GegVxD8e2Ak/getUpdates "HTTP/1.1 200 OK"
2025-09-08 22:55:48,504 - httpx - INFO - HTTP Request: POST https://api.telegram.org/bot8020772644:AAEF9j8c_iryT931PcQ-E422GegVxD8e2Ak/getUpdates "HTTP/1.1 200 OK"
2025-09-08 22:55:58,619 - httpx - INFO - HTTP Request: POST https://api.telegram.org/bot8020772644:AAEF9j8c_iryT931PcQ-E422GegVxD8e2Ak/getUpdates "HTTP/1.1 200 OK"
2025-09-08 22:56:08,736 - httpx - INFO - HTTP Request: POST https://api.telegram.org/bot8020772644:AAEF9j8c_iryT931PcQ-E422GegVxD8e2Ak/getUpdates "HTTP/1.1 200 OK"
2025-09-08 22:56:18,856 - httpx - INFO - HTTP Request: POST https://api.telegram.org/bot8020772644:AAEF9j8c_iryT931PcQ-E422GegVxD8e2Ak/getUpdates "HTTP/1.1 200 OK"
2025-09-08 22:56:28,972 - httpx - INFO - HTTP Request: POST https://api.telegram.org/bot8020772644:AAEF9j8c_iryT931PcQ-E422GegVxD8e2Ak/getUpdates "HTTP/1.1 200 OK"
2025-09-08 22:56:39,088 - httpx - INFO - HTTP Request: POST https://api.telegram.org/bot8020772644:AAEF9j8c_iryT931PcQ-E422GegVxD8e2Ak/getUpdates "HTTP/1.1 200 OK"
2025-09-08 22:56:49,205 - httpx - INFO - HTTP Request: POST https://api.telegram.org/bot8020772644:AAEF9j8c_iryT931PcQ-E422GegVxD8e2Ak/getUpdates "HTTP/1.1 200 OK"
2025-09-08 22:56:59,320 - httpx - INFO - HTTP Request: POST https://api.telegram.org/bot8020772644:AAEF9j8c_iryT931PcQ-E422GegVxD8e2Ak/getUpdates "HTTP/1.1 200 OK"
2025-09-08 22:57:09,436 - httpx - INFO - HTTP Request: POST https://api.telegram.org/bot8020772644:AAEF9j8c_iryT931PcQ-E422GegVxD8e2Ak/getUpdates "HTTP/1.1 200 OK"
